<?xml version="1.0" encoding="UTF-8"?>
<testsuite name="GetDailyStatusUseCaseTest" tests="4" skipped="0" failures="0" errors="0" timestamp="2022-09-27T16:26:45" hostname="MacBook-Pro.local" time="0.033">
  <properties/>
  <testcase name="when scheduled time (hour) is greater than current time (hour), day is today()" classname="GetDailyStatusUseCaseTest" time="0.029"/>
  <testcase name="when scheduled time (hour) is equal to current time (hour), scheduled time (minutes) are less than current time (minutes), day is tomorrow()" classname="GetDailyStatusUseCaseTest" time="0.001"/>
  <testcase name="when scheduled time (hour) is equal to current time (hour), scheduled time (minutes) are greater than current time (minutes), day is today()" classname="GetDailyStatusUseCaseTest" time="0.001"/>
  <testcase name="when scheduled time (hour) is less than current time (hour), day is tomorrow()" classname="GetDailyStatusUseCaseTest" time="0.001"/>
  <system-out><![CDATA[]]></system-out>
  <system-err><![CDATA[]]></system-err>
</testsuite>
